<?xml version="1.0" encoding="UTF-8"?>
<testng-results ignored="0" total="2" passed="2" failed="0" skipped="0">
  <reporter-output>
  </reporter-output>
  <suite started-at="2022-11-03T12:49:49 IST" name="Default suite" finished-at="2022-11-03T12:50:07 IST" duration-ms="17305">
    <groups>
    </groups>
    <test started-at="2022-11-03T12:49:49 IST" name="Default test" finished-at="2022-11-03T12:50:07 IST" duration-ms="17305">
      <class name="maven_test_cases.Maven_test_1">
        <test-method is-config="true" signature="beforeTest()[pri:0, instance:maven_test_cases.Maven_test_1@ea6147e]" started-at="2022-11-03T12:49:49 IST" name="beforeTest" finished-at="2022-11-03T12:49:59 IST" duration-ms="9213" status="PASS">
          <reporter-output>
          </reporter-output>
        </test-method> <!-- beforeTest -->
        <test-method signature="Facebook()[pri:0, instance:maven_test_cases.Maven_test_1@ea6147e]" started-at="2022-11-03T12:49:59 IST" name="Facebook" finished-at="2022-11-03T12:50:03 IST" duration-ms="4563" status="PASS">
          <reporter-output>
          </reporter-output>
        </test-method> <!-- Facebook -->
        <test-method signature="Google()[pri:0, instance:maven_test_cases.Maven_test_1@ea6147e]" started-at="2022-11-03T12:50:03 IST" name="Google" finished-at="2022-11-03T12:50:06 IST" duration-ms="2976" status="PASS">
          <reporter-output>
          </reporter-output>
        </test-method> <!-- Google -->
        <test-method is-config="true" signature="afterTest()[pri:0, instance:maven_test_cases.Maven_test_1@ea6147e]" started-at="2022-11-03T12:50:06 IST" name="afterTest" finished-at="2022-11-03T12:50:07 IST" duration-ms="458" status="PASS">
          <reporter-output>
          </reporter-output>
        </test-method> <!-- afterTest -->
      </class> <!-- maven_test_cases.Maven_test_1 -->
    </test> <!-- Default test -->
  </suite> <!-- Default suite -->
</testng-results>
